build/app/intermediates/manifest_merge_blame_file/debug/manifest-merger-blame-debug-report.txt
1<?xml version="1.0" encoding="utf-8"?>
2<manifest xmlns:android="http://schemas.android.com/apk/res/android"
3    package="com.fastexpress.delivery"
4    android:versionCode="1"
5    android:versionName="1.0" >
6
7    <uses-sdk
8        android:minSdkVersion="21"
9        android:targetSdkVersion="30" />
10    <!--
11         Flutter needs it to communicate with the running application
12         to allow setting breakpoints, to provide hot reload, etc.
13    -->
14    <uses-permission android:name="android.permission.INTERNET" />
14-->src\main\AndroidManifest.xml:5:5-66
14-->src\main\AndroidManifest.xml:5:22-64
15    <uses-permission android:name="android.permission.ACCESS_FINE_LOCATION" />
15-->src\main\AndroidManifest.xml:3:5-79
15-->src\main\AndroidManifest.xml:3:22-76
16    <uses-permission android:name="android.permission.CAMERA" />
16-->src\main\AndroidManifest.xml:4:5-64
16-->src\main\AndroidManifest.xml:4:22-62
17    <uses-permission android:name="android.permission.RECEIVE_BOOT_COMPLETED" />
17-->src\main\AndroidManifest.xml:6:5-80
17-->src\main\AndroidManifest.xml:6:22-78
18    <uses-permission android:name="android.permission.VIBRATE" />
18-->src\main\AndroidManifest.xml:7:5-66
18-->src\main\AndroidManifest.xml:7:22-63
19    <uses-permission android:name="android.permission.WAKE_LOCK" />
19-->src\main\AndroidManifest.xml:8:5-68
19-->src\main\AndroidManifest.xml:8:22-65
20    <uses-permission android:name="android.permission.ACCESS_NETWORK_STATE" />
20-->[:firebase_messaging] AndroidManifest.xml:9:5-79
20-->[:firebase_messaging] AndroidManifest.xml:9:22-76
21
22    <queries>
22-->[:map_launcher] AndroidManifest.xml:7:5-23:15
23        <package android:name="com.google.android.apps.maps" />
23-->[:map_launcher] AndroidManifest.xml:8:9-64
23-->[:map_launcher] AndroidManifest.xml:8:18-61
24        <package android:name="com.google.android.apps.mapslite" />
24-->[:map_launcher] AndroidManifest.xml:9:9-68
24-->[:map_launcher] AndroidManifest.xml:9:18-65
25        <package android:name="com.autonavi.minimap" />
25-->[:map_launcher] AndroidManifest.xml:10:9-56
25-->[:map_launcher] AndroidManifest.xml:10:18-53
26        <package android:name="com.baidu.BaiduMap" />
26-->[:map_launcher] AndroidManifest.xml:11:9-54
26-->[:map_launcher] AndroidManifest.xml:11:18-51
27        <package android:name="com.waze" />
27-->[:map_launcher] AndroidManifest.xml:12:9-44
27-->[:map_launcher] AndroidManifest.xml:12:18-41
28        <package android:name="ru.yandex.yandexnavi" />
28-->[:map_launcher] AndroidManifest.xml:13:9-56
28-->[:map_launcher] AndroidManifest.xml:13:18-53
29        <package android:name="ru.yandex.yandexmaps" />
29-->[:map_launcher] AndroidManifest.xml:14:9-56
29-->[:map_launcher] AndroidManifest.xml:14:18-53
30        <package android:name="com.citymapper.app.release" />
30-->[:map_launcher] AndroidManifest.xml:15:9-62
30-->[:map_launcher] AndroidManifest.xml:15:18-59
31        <package android:name="com.mapswithme.maps.pro" />
31-->[:map_launcher] AndroidManifest.xml:16:9-59
31-->[:map_launcher] AndroidManifest.xml:16:18-56
32        <package android:name="net.osmand" />
32-->[:map_launcher] AndroidManifest.xml:17:9-46
32-->[:map_launcher] AndroidManifest.xml:17:18-43
33        <package android:name="net.osmand.plus" />
33-->[:map_launcher] AndroidManifest.xml:18:9-51
33-->[:map_launcher] AndroidManifest.xml:18:18-48
34        <package android:name="ru.dublgis.dgismobile" />
34-->[:map_launcher] AndroidManifest.xml:19:9-57
34-->[:map_launcher] AndroidManifest.xml:19:18-54
35        <package android:name="com.tencent.map" />
35-->[:map_launcher] AndroidManifest.xml:20:9-51
35-->[:map_launcher] AndroidManifest.xml:20:18-48
36        <package android:name="com.here.app.maps" />
36-->[:map_launcher] AndroidManifest.xml:21:9-53
36-->[:map_launcher] AndroidManifest.xml:21:18-50
37        <package android:name="com.huawei.maps.app" />
37-->[:map_launcher] AndroidManifest.xml:22:9-55
37-->[:map_launcher] AndroidManifest.xml:22:18-52
38    </queries>
39
40    <uses-permission android:name="android.permission.USE_FULL_SCREEN_INTENT" />
40-->[:flutter_local_notifications] AndroidManifest.xml:9:5-81
40-->[:flutter_local_notifications] AndroidManifest.xml:9:22-78
41    <uses-permission android:name="android.permission.SCHEDULE_EXACT_ALARM" />
41-->[:flutter_local_notifications] AndroidManifest.xml:10:5-79
41-->[:flutter_local_notifications] AndroidManifest.xml:10:22-76
42    <uses-permission android:name="android.permission.ACCESS_COARSE_LOCATION" /> <!-- Required by older versions of Google Play services to create IID tokens -->
42-->[:location] AndroidManifest.xml:7:5-81
42-->[:location] AndroidManifest.xml:7:22-78
43    <uses-permission android:name="com.google.android.c2dm.permission.RECEIVE" />
43-->[com.google.firebase:firebase-messaging:23.0.0] AndroidManifest.xml:25:5-82
43-->[com.google.firebase:firebase-messaging:23.0.0] AndroidManifest.xml:25:22-79
44
45    <uses-feature
45-->[com.google.android.gms:play-services-maps:17.0.0] AndroidManifest.xml:26:5-28:35
46        android:glEsVersion="0x00020000"
46-->[com.google.android.gms:play-services-maps:17.0.0] AndroidManifest.xml:27:9-41
47        android:required="true" />
47-->[com.google.android.gms:play-services-maps:17.0.0] AndroidManifest.xml:28:9-32
48
49    <application
49-->src\main\AndroidManifest.xml:15:5-48:19
50        android:appComponentFactory="androidx.core.app.CoreComponentFactory"
50-->[androidx.core:core:1.6.0] AndroidManifest.xml:24:18-86
51        android:debuggable="true"
52        android:icon="@mipmap/ic_launcher"
52-->src\main\AndroidManifest.xml:17:9-43
53        android:label="Fast Express Delivery" >
53-->src\main\AndroidManifest.xml:16:9-46
54        <meta-data
54-->src\main\AndroidManifest.xml:18:9-19:64
55            android:name="com.google.android.geo.API_KEY"
55-->src\main\AndroidManifest.xml:18:20-65
56            android:value="AIzaSyC_jtk7R4VRNR3d1xxxxxxxxx" />
56-->src\main\AndroidManifest.xml:19:16-62
57
58        <activity
58-->src\main\AndroidManifest.xml:20:9-35:20
59            android:name="com.example.delivery_boy.MainActivity"
59-->src\main\AndroidManifest.xml:21:13-41
60            android:configChanges="orientation|keyboardHidden|keyboard|screenSize|smallestScreenSize|locale|layoutDirection|fontScale|screenLayout|density|uiMode"
60-->src\main\AndroidManifest.xml:24:13-163
61            android:hardwareAccelerated="true"
61-->src\main\AndroidManifest.xml:25:13-47
62            android:launchMode="singleTop"
62-->src\main\AndroidManifest.xml:22:13-43
63            android:theme="@style/LaunchTheme"
63-->src\main\AndroidManifest.xml:23:13-47
64            android:windowSoftInputMode="adjustResize" >
64-->src\main\AndroidManifest.xml:26:13-55
65            <intent-filter>
65-->src\main\AndroidManifest.xml:27:13-30:29
66                <action android:name="android.intent.action.MAIN" />
66-->src\main\AndroidManifest.xml:28:17-68
66-->src\main\AndroidManifest.xml:28:25-66
67
68                <category android:name="android.intent.category.LAUNCHER" />
68-->src\main\AndroidManifest.xml:29:17-76
68-->src\main\AndroidManifest.xml:29:27-74
69            </intent-filter>
70            <intent-filter>
70-->src\main\AndroidManifest.xml:31:13-34:29
71                <action android:name="FLUTTER_NOTIFICATION_CLICK" />
71-->src\main\AndroidManifest.xml:32:17-69
71-->src\main\AndroidManifest.xml:32:25-66
72
73                <category android:name="android.intent.category.DEFAULT" />
73-->src\main\AndroidManifest.xml:33:17-76
73-->src\main\AndroidManifest.xml:33:27-73
74            </intent-filter>
75        </activity>
76
77        <receiver
77-->src\main\AndroidManifest.xml:36:10-107
78            android:name="com.dexterous.flutterlocalnotifications.ScheduledNotificationReceiver"
78-->src\main\AndroidManifest.xml:36:20-104
79            android:exported="false" />
79-->[:flutter_local_notifications] AndroidManifest.xml:15:13-37
80        <receiver
80-->src\main\AndroidManifest.xml:37:9-42:20
81            android:name="com.dexterous.flutterlocalnotifications.ScheduledNotificationBootReceiver"
81-->src\main\AndroidManifest.xml:37:19-107
82            android:exported="false" >
82-->[:flutter_local_notifications] AndroidManifest.xml:18:13-37
83            <intent-filter>
83-->src\main\AndroidManifest.xml:38:13-41:29
84                <action android:name="android.intent.action.BOOT_COMPLETED" />
84-->src\main\AndroidManifest.xml:39:17-78
84-->src\main\AndroidManifest.xml:39:25-76
85                <action android:name="android.intent.action.MY_PACKAGE_REPLACED" />
85-->src\main\AndroidManifest.xml:40:17-83
85-->src\main\AndroidManifest.xml:40:25-81
86            </intent-filter>
87            <intent-filter>
87-->[:flutter_local_notifications] AndroidManifest.xml:19:13-24:29
88                <action android:name="android.intent.action.BOOT_COMPLETED" />
88-->src\main\AndroidManifest.xml:39:17-78
88-->src\main\AndroidManifest.xml:39:25-76
89                <action android:name="android.intent.action.MY_PACKAGE_REPLACED" />
89-->src\main\AndroidManifest.xml:40:17-83
89-->src\main\AndroidManifest.xml:40:25-81
90                <action android:name="android.intent.action.QUICKBOOT_POWERON" />
90-->[:flutter_local_notifications] AndroidManifest.xml:22:17-82
90-->[:flutter_local_notifications] AndroidManifest.xml:22:25-79
91                <action android:name="com.htc.intent.action.QUICKBOOT_POWERON" />
91-->[:flutter_local_notifications] AndroidManifest.xml:23:17-82
91-->[:flutter_local_notifications] AndroidManifest.xml:23:25-79
92            </intent-filter>
93        </receiver>
94        <!--
95             Don't delete the meta-data below.
96             This is used by the Flutter tool to generate GeneratedPluginRegistrant.java
97        -->
98        <meta-data
98-->src\main\AndroidManifest.xml:45:9-47:33
99            android:name="flutterEmbedding"
99-->src\main\AndroidManifest.xml:46:13-44
100            android:value="2" />
100-->src\main\AndroidManifest.xml:47:13-30
101
102        <service
102-->[:firebase_messaging] AndroidManifest.xml:12:9-15:72
103            android:name="io.flutter.plugins.firebase.messaging.FlutterFirebaseMessagingBackgroundService"
103-->[:firebase_messaging] AndroidManifest.xml:13:13-107
104            android:exported="false"
104-->[:firebase_messaging] AndroidManifest.xml:14:13-37
105            android:permission="android.permission.BIND_JOB_SERVICE" />
105-->[:firebase_messaging] AndroidManifest.xml:15:13-69
106        <service
106-->[:firebase_messaging] AndroidManifest.xml:16:9-22:19
107            android:name="io.flutter.plugins.firebase.messaging.FlutterFirebaseMessagingService"
107-->[:firebase_messaging] AndroidManifest.xml:17:13-97
108            android:exported="false" >
108-->[:firebase_messaging] AndroidManifest.xml:18:13-37
109            <intent-filter>
109-->[:firebase_messaging] AndroidManifest.xml:19:13-21:29
110                <action android:name="com.google.firebase.MESSAGING_EVENT" />
110-->[:firebase_messaging] AndroidManifest.xml:20:17-78
110-->[:firebase_messaging] AndroidManifest.xml:20:25-75
111            </intent-filter>
112        </service>
113
114        <receiver
114-->[:firebase_messaging] AndroidManifest.xml:24:9-31:20
115            android:name="io.flutter.plugins.firebase.messaging.FlutterFirebaseMessagingReceiver"
115-->[:firebase_messaging] AndroidManifest.xml:25:13-98
116            android:exported="true"
116-->[:firebase_messaging] AndroidManifest.xml:26:13-36
117            android:permission="com.google.android.c2dm.permission.SEND" >
117-->[:firebase_messaging] AndroidManifest.xml:27:13-73
118            <intent-filter>
118-->[:firebase_messaging] AndroidManifest.xml:28:13-30:29
119                <action android:name="com.google.android.c2dm.intent.RECEIVE" />
119-->[:firebase_messaging] AndroidManifest.xml:29:17-81
119-->[:firebase_messaging] AndroidManifest.xml:29:25-78
120            </intent-filter>
121        </receiver>
122
123        <service
123-->[:firebase_messaging] AndroidManifest.xml:33:9-37:19
124            android:name="com.google.firebase.components.ComponentDiscoveryService"
124-->[:firebase_messaging] AndroidManifest.xml:33:18-89
125            android:directBootAware="true"
125-->[com.google.firebase:firebase-common:20.0.0] AndroidManifest.xml:35:13-43
126            android:exported="false" >
126-->[com.google.firebase:firebase-messaging:23.0.0] AndroidManifest.xml:51:13-37
127            <meta-data
127-->[:firebase_messaging] AndroidManifest.xml:34:13-36:85
128                android:name="com.google.firebase.components:io.flutter.plugins.firebase.messaging.FlutterFirebaseAppRegistrar"
128-->[:firebase_messaging] AndroidManifest.xml:35:17-128
129                android:value="com.google.firebase.components.ComponentRegistrar" />
129-->[:firebase_messaging] AndroidManifest.xml:36:17-82
130            <meta-data
130-->[:firebase_core] AndroidManifest.xml:9:13-11:85
131                android:name="com.google.firebase.components:io.flutter.plugins.firebase.core.FlutterFirebaseCoreRegistrar"
131-->[:firebase_core] AndroidManifest.xml:10:17-124
132                android:value="com.google.firebase.components.ComponentRegistrar" />
132-->[:firebase_core] AndroidManifest.xml:11:17-82
133            <meta-data
133-->[com.google.firebase:firebase-messaging:23.0.0] AndroidManifest.xml:52:13-54:85
134                android:name="com.google.firebase.components:com.google.firebase.messaging.FirebaseMessagingRegistrar"
134-->[com.google.firebase:firebase-messaging:23.0.0] AndroidManifest.xml:53:17-119
135                android:value="com.google.firebase.components.ComponentRegistrar" />
135-->[com.google.firebase:firebase-messaging:23.0.0] AndroidManifest.xml:54:17-82
136            <meta-data
136-->[com.google.firebase:firebase-datatransport:18.0.0] AndroidManifest.xml:28:13-30:85
137                android:name="com.google.firebase.components:com.google.firebase.datatransport.TransportRegistrar"
137-->[com.google.firebase:firebase-datatransport:18.0.0] AndroidManifest.xml:29:17-115
138                android:value="com.google.firebase.components.ComponentRegistrar" />
138-->[com.google.firebase:firebase-datatransport:18.0.0] AndroidManifest.xml:30:17-82
139            <meta-data
139-->[com.google.firebase:firebase-installations:17.0.0] AndroidManifest.xml:18:13-20:85
140                android:name="com.google.firebase.components:com.google.firebase.installations.FirebaseInstallationsRegistrar"
140-->[com.google.firebase:firebase-installations:17.0.0] AndroidManifest.xml:19:17-127
141                android:value="com.google.firebase.components.ComponentRegistrar" />
141-->[com.google.firebase:firebase-installations:17.0.0] AndroidManifest.xml:20:17-82
142        </service>
143
144        <provider
144-->[:firebase_messaging] AndroidManifest.xml:39:9-43:38
145            android:name="io.flutter.plugins.firebase.messaging.FlutterFirebaseMessagingInitProvider"
145-->[:firebase_messaging] AndroidManifest.xml:40:13-102
146            android:authorities="com.fastexpress.delivery.flutterfirebasemessaginginitprovider"
146-->[:firebase_messaging] AndroidManifest.xml:41:13-88
147            android:exported="false"
147-->[:firebase_messaging] AndroidManifest.xml:42:13-37
148            android:initOrder="99" />
148-->[:firebase_messaging] AndroidManifest.xml:43:13-35
149
150        <activity
150-->[:url_launcher_android] AndroidManifest.xml:8:9-11:74
151            android:name="io.flutter.plugins.urllauncher.WebViewActivity"
151-->[:url_launcher_android] AndroidManifest.xml:9:13-74
152            android:exported="false"
152-->[:url_launcher_android] AndroidManifest.xml:10:13-37
153            android:theme="@android:style/Theme.NoTitleBar.Fullscreen" />
153-->[:url_launcher_android] AndroidManifest.xml:11:13-71
154
155        <service
155-->[:location] AndroidManifest.xml:11:9-15:56
156            android:name="com.lyokone.location.FlutterLocationService"
156-->[:location] AndroidManifest.xml:12:13-71
157            android:enabled="true"
157-->[:location] AndroidManifest.xml:13:13-35
158            android:exported="false"
158-->[:location] AndroidManifest.xml:14:13-37
159            android:foregroundServiceType="location" />
159-->[:location] AndroidManifest.xml:15:13-53
160
161        <uses-library
161-->[androidx.window:window:1.0.0-beta04] AndroidManifest.xml:25:9-27:40
162            android:name="androidx.window.extensions"
162-->[androidx.window:window:1.0.0-beta04] AndroidManifest.xml:26:13-54
163            android:required="false" />
163-->[androidx.window:window:1.0.0-beta04] AndroidManifest.xml:27:13-37
164        <uses-library
164-->[androidx.window:window:1.0.0-beta04] AndroidManifest.xml:28:9-30:40
165            android:name="androidx.window.sidecar"
165-->[androidx.window:window:1.0.0-beta04] AndroidManifest.xml:29:13-51
166            android:required="false" />
166-->[androidx.window:window:1.0.0-beta04] AndroidManifest.xml:30:13-37
167
168        <receiver
168-->[com.google.firebase:firebase-messaging:23.0.0] AndroidManifest.xml:28:9-35:20
169            android:name="com.google.firebase.iid.FirebaseInstanceIdReceiver"
169-->[com.google.firebase:firebase-messaging:23.0.0] AndroidManifest.xml:29:13-78
170            android:exported="true"
170-->[com.google.firebase:firebase-messaging:23.0.0] AndroidManifest.xml:30:13-36
171            android:permission="com.google.android.c2dm.permission.SEND" >
171-->[com.google.firebase:firebase-messaging:23.0.0] AndroidManifest.xml:31:13-73
172            <intent-filter>
172-->[:firebase_messaging] AndroidManifest.xml:28:13-30:29
173                <action android:name="com.google.android.c2dm.intent.RECEIVE" />
173-->[:firebase_messaging] AndroidManifest.xml:29:17-81
173-->[:firebase_messaging] AndroidManifest.xml:29:25-78
174            </intent-filter>
175        </receiver>
176        <!--
177             FirebaseMessagingService performs security checks at runtime,
178             but set to not exported to explicitly avoid allowing another app to call it.
179        -->
180        <service
180-->[com.google.firebase:firebase-messaging:23.0.0] AndroidManifest.xml:41:9-48:19
181            android:name="com.google.firebase.messaging.FirebaseMessagingService"
181-->[com.google.firebase:firebase-messaging:23.0.0] AndroidManifest.xml:42:13-82
182            android:directBootAware="true"
182-->[com.google.firebase:firebase-messaging:23.0.0] AndroidManifest.xml:43:13-43
183            android:exported="false" >
183-->[com.google.firebase:firebase-messaging:23.0.0] AndroidManifest.xml:44:13-37
184            <intent-filter android:priority="-500" >
184-->[:firebase_messaging] AndroidManifest.xml:19:13-21:29
185                <action android:name="com.google.firebase.MESSAGING_EVENT" />
185-->[:firebase_messaging] AndroidManifest.xml:20:17-78
185-->[:firebase_messaging] AndroidManifest.xml:20:25-75
186            </intent-filter>
187        </service>
188
189        <provider
189-->[com.google.firebase:firebase-common:20.0.0] AndroidManifest.xml:26:9-31:39
190            android:name="com.google.firebase.provider.FirebaseInitProvider"
190-->[com.google.firebase:firebase-common:20.0.0] AndroidManifest.xml:27:13-77
191            android:authorities="com.fastexpress.delivery.firebaseinitprovider"
191-->[com.google.firebase:firebase-common:20.0.0] AndroidManifest.xml:28:13-72
192            android:directBootAware="true"
192-->[com.google.firebase:firebase-common:20.0.0] AndroidManifest.xml:29:13-43
193            android:exported="false"
193-->[com.google.firebase:firebase-common:20.0.0] AndroidManifest.xml:30:13-37
194            android:initOrder="100" /> <!-- Needs to be explicitly declared on P+ -->
194-->[com.google.firebase:firebase-common:20.0.0] AndroidManifest.xml:31:13-36
195        <uses-library
195-->[com.google.android.gms:play-services-maps:17.0.0] AndroidManifest.xml:33:9-35:40
196            android:name="org.apache.http.legacy"
196-->[com.google.android.gms:play-services-maps:17.0.0] AndroidManifest.xml:34:13-50
197            android:required="false" />
197-->[com.google.android.gms:play-services-maps:17.0.0] AndroidManifest.xml:35:13-37
198
199        <activity
199-->[com.google.android.gms:play-services-base:17.0.0] AndroidManifest.xml:23:9-26:75
200            android:name="com.google.android.gms.common.api.GoogleApiActivity"
200-->[com.google.android.gms:play-services-base:17.0.0] AndroidManifest.xml:24:13-79
201            android:exported="false"
201-->[com.google.android.gms:play-services-base:17.0.0] AndroidManifest.xml:25:13-37
202            android:theme="@android:style/Theme.Translucent.NoTitleBar" />
202-->[com.google.android.gms:play-services-base:17.0.0] AndroidManifest.xml:26:13-72
203
204        <meta-data
204-->[com.google.android.gms:play-services-basement:17.0.0] AndroidManifest.xml:23:9-25:69
205            android:name="com.google.android.gms.version"
205-->[com.google.android.gms:play-services-basement:17.0.0] AndroidManifest.xml:24:13-58
206            android:value="@integer/google_play_services_version" />
206-->[com.google.android.gms:play-services-basement:17.0.0] AndroidManifest.xml:25:13-66
207
208        <service
208-->[com.google.android.datatransport:transport-backend-cct:3.0.0] AndroidManifest.xml:29:9-35:19
209            android:name="com.google.android.datatransport.runtime.backends.TransportBackendDiscovery"
209-->[com.google.android.datatransport:transport-backend-cct:3.0.0] AndroidManifest.xml:30:13-103
210            android:exported="false" >
210-->[com.google.android.datatransport:transport-backend-cct:3.0.0] AndroidManifest.xml:31:13-37
211            <meta-data
211-->[com.google.android.datatransport:transport-backend-cct:3.0.0] AndroidManifest.xml:32:13-34:39
212                android:name="backend:com.google.android.datatransport.cct.CctBackendFactory"
212-->[com.google.android.datatransport:transport-backend-cct:3.0.0] AndroidManifest.xml:33:17-94
213                android:value="cct" />
213-->[com.google.android.datatransport:transport-backend-cct:3.0.0] AndroidManifest.xml:34:17-36
214        </service>
215        <service
215-->[com.google.android.datatransport:transport-runtime:3.0.0] AndroidManifest.xml:26:9-30:19
216            android:name="com.google.android.datatransport.runtime.scheduling.jobscheduling.JobInfoSchedulerService"
216-->[com.google.android.datatransport:transport-runtime:3.0.0] AndroidManifest.xml:27:13-117
217            android:exported="false"
217-->[com.google.android.datatransport:transport-runtime:3.0.0] AndroidManifest.xml:28:13-37
218            android:permission="android.permission.BIND_JOB_SERVICE" >
218-->[com.google.android.datatransport:transport-runtime:3.0.0] AndroidManifest.xml:29:13-69
219        </service>
220
221        <receiver
221-->[com.google.android.datatransport:transport-runtime:3.0.0] AndroidManifest.xml:32:9-34:40
222            android:name="com.google.android.datatransport.runtime.scheduling.jobscheduling.AlarmManagerSchedulerBroadcastReceiver"
222-->[com.google.android.datatransport:transport-runtime:3.0.0] AndroidManifest.xml:33:13-132
223            android:exported="false" />
223-->[com.google.android.datatransport:transport-runtime:3.0.0] AndroidManifest.xml:34:13-37
224    </application>
225
226</manifest>